
> trader_front@0.1.0 start
> react-scripts start

(node:69982) [DEP_WEBPACK_DEV_SERVER_ON_AFTER_SETUP_MIDDLEWARE] DeprecationWarning: 'onAfterSetupMiddleware' option is deprecated. Please use the 'setupMiddlewares' option.
(Use `node --trace-deprecation ...` to show where the warning was created)
(node:69982) [DEP_WEBPACK_DEV_SERVER_ON_BEFORE_SETUP_MIDDLEWARE] DeprecationWarning: 'onBeforeSetupMiddleware' option is deprecated. Please use the 'setupMiddlewares' option.
Starting the development server...

Compiled successfully!

You can now view trader_front in the browser.

  Local:            http://localhost:7001
  On Your Network:  http://192.168.219.109:7001

Note that the development build is not optimized.
To create a production build, use npm run build.

webpack compiled successfully
Files successfully emitted, waiting for typecheck results...
Issues checking in progress...
No issues found.
Compiling...
Compiled successfully!
webpack compiled successfully
No issues found.
Compiling...
Compiled with warnings.

[eslint] 
src/components/SimpleApp.tsx
  Line 34:9:  'chartCandles' is assigned a value but never used  @typescript-eslint/no-unused-vars

Search for the keywords to learn more about each warning.
To ignore, add // eslint-disable-next-line to the line before.

WARNING in [eslint] 
src/components/SimpleApp.tsx
  Line 34:9:  'chartCandles' is assigned a value but never used  @typescript-eslint/no-unused-vars

webpack compiled with 1 warning
No issues found.
Compiling...
Compiled successfully!
webpack compiled successfully
No issues found.
Compiling...
Compiled successfully!
webpack compiled successfully
No issues found.
Compiling...
Compiled with warnings.

[eslint] 
src/components/SimpleApp.tsx
  Line 10:10:  'showMockData' is assigned a value but never used  @typescript-eslint/no-unused-vars

Search for the keywords to learn more about each warning.
To ignore, add // eslint-disable-next-line to the line before.

WARNING in [eslint] 
src/components/SimpleApp.tsx
  Line 10:10:  'showMockData' is assigned a value but never used  @typescript-eslint/no-unused-vars

webpack compiled with 1 warning
No issues found.
Compiling...
Compiled successfully!
webpack compiled successfully
No issues found.
Compiling...
Compiled successfully!
webpack compiled successfully
No issues found.
Compiling...
Compiled successfully!
webpack compiled successfully
No issues found.
Compiling...
Compiled successfully!
webpack compiled successfully
ERROR in src/components/TradingViewChart.tsx:61:37
TS2339: Property 'addCandlestickSeries' does not exist on type 'IChartApi'.
    59 |
    60 |     // 캔들스틱 시리즈 추가
  > 61 |     const candlestickSeries = chart.addCandlestickSeries({
       |                                     ^^^^^^^^^^^^^^^^^^^^
    62 |       upColor: '#02c076',
    63 |       downColor: '#f84960',
    64 |       borderDownColor: '#f84960',

Compiling...
Compiled with warnings.

[eslint] 
src/components/SimpleApp.tsx
  Line 3:8:  'TradingViewChart' is defined but never used  @typescript-eslint/no-unused-vars

Search for the keywords to learn more about each warning.
To ignore, add // eslint-disable-next-line to the line before.

WARNING in [eslint] 
src/components/SimpleApp.tsx
  Line 3:8:  'TradingViewChart' is defined but never used  @typescript-eslint/no-unused-vars

webpack compiled with 1 warning
ERROR in src/components/TradingViewChart.tsx:61:37
TS2339: Property 'addCandlestickSeries' does not exist on type 'IChartApi'.
    59 |
    60 |     // 캔들스틱 시리즈 추가
  > 61 |     const candlestickSeries = chart.addCandlestickSeries({
       |                                     ^^^^^^^^^^^^^^^^^^^^
    62 |       upColor: '#02c076',
    63 |       downColor: '#f84960',
    64 |       borderDownColor: '#f84960',

Compiling...
Compiled with warnings.

[eslint] 
src/components/SimpleApp.tsx
  Line 204:9:  'chartPlaceholderStyle' is assigned a value but never used  @typescript-eslint/no-unused-vars

Search for the keywords to learn more about each warning.
To ignore, add // eslint-disable-next-line to the line before.

WARNING in [eslint] 
src/components/SimpleApp.tsx
  Line 204:9:  'chartPlaceholderStyle' is assigned a value but never used  @typescript-eslint/no-unused-vars

webpack compiled with 1 warning
ERROR in src/components/TradingViewChart.tsx:61:37
TS2339: Property 'addCandlestickSeries' does not exist on type 'IChartApi'.
    59 |
    60 |     // 캔들스틱 시리즈 추가
  > 61 |     const candlestickSeries = chart.addCandlestickSeries({
       |                                     ^^^^^^^^^^^^^^^^^^^^
    62 |       upColor: '#02c076',
    63 |       downColor: '#f84960',
    64 |       borderDownColor: '#f84960',

Compiling...
Compiled with warnings.

[eslint] 
src/components/SimpleApp.tsx
  Line 204:9:  'chartPlaceholderStyle' is assigned a value but never used  @typescript-eslint/no-unused-vars

Search for the keywords to learn more about each warning.
To ignore, add // eslint-disable-next-line to the line before.

WARNING in [eslint] 
src/components/SimpleApp.tsx
  Line 204:9:  'chartPlaceholderStyle' is assigned a value but never used  @typescript-eslint/no-unused-vars

webpack compiled with 1 warning
ERROR in src/components/TradingViewChart.tsx:61:47
TS2345: Argument of type 'string' is not assignable to parameter of type 'SeriesDefinition<keyof SeriesOptionsMap>'.
    59 |
    60 |     // 캔들스틱 시리즈 추가
  > 61 |     const candlestickSeries = chart.addSeries('Candlestick', {
       |                                               ^^^^^^^^^^^^^
    62 |       upColor: '#02c076',
    63 |       downColor: '#f84960',
    64 |       borderDownColor: '#f84960',

ERROR in src/components/TradingViewChart.tsx:70:5
TS2322: Type 'ISeriesApi<keyof SeriesOptionsMap, Time, CandlestickData<Time> | WhitespaceData<Time> | BarData<Time> | ... 5 more ... | CustomSeriesWhitespaceData<...>, CandlestickSeriesOptions | ... 5 more ... | CustomSeriesOptions, DeepPartial<...> | ... 5 more ... | DeepPartial<...>>' is not assignable to type 'ISeriesApi<"Candlestick", Time, CandlestickData<Time> | WhitespaceData<Time>, CandlestickSeriesOptions, DeepPartial<...>>'.
  The types returned by 'options()' are incompatible between these types.
    Type 'Readonly<CandlestickSeriesOptions | BarSeriesOptions | AreaSeriesOptions | BaselineSeriesOptions | LineSeriesOptions | HistogramSeriesOptions | CustomSeriesOptions>' is not assignable to type 'Readonly<CandlestickSeriesOptions>'.
      Type 'Readonly<BarSeriesOptions>' is missing the following properties from type 'Readonly<CandlestickSeriesOptions>': wickVisible, borderVisible, borderColor, borderUpColor, and 4 more.
    68 |     });
    69 |
  > 70 |     candlestickSeriesRef.current = candlestickSeries;
       |     ^^^^^^^^^^^^^^^^^^^^^^^^^^^^
    71 |
    72 |     return () => {
    73 |       chart.remove();

Compiling...
Compiled with warnings.

[eslint] 
src/components/SimpleApp.tsx
  Line 204:9:  'chartPlaceholderStyle' is assigned a value but never used  @typescript-eslint/no-unused-vars

Search for the keywords to learn more about each warning.
To ignore, add // eslint-disable-next-line to the line before.

WARNING in [eslint] 
src/components/SimpleApp.tsx
  Line 204:9:  'chartPlaceholderStyle' is assigned a value but never used  @typescript-eslint/no-unused-vars

webpack compiled with 1 warning
ERROR in src/components/TradingViewChart.tsx:61:47
TS2345: Argument of type 'string' is not assignable to parameter of type 'SeriesDefinition<keyof SeriesOptionsMap>'.
    59 |
    60 |     // 캔들스틱 시리즈 추가
  > 61 |     const candlestickSeries = chart.addSeries('Candlestick', {
       |                                               ^^^^^^^^^^^^^
    62 |       upColor: '#02c076',
    63 |       downColor: '#f84960',
    64 |       borderDownColor: '#f84960',

Compiling...
Compiled with warnings.

[eslint] 
src/components/SimpleApp.tsx
  Line 204:9:  'chartPlaceholderStyle' is assigned a value but never used  @typescript-eslint/no-unused-vars

Search for the keywords to learn more about each warning.
To ignore, add // eslint-disable-next-line to the line before.

WARNING in [eslint] 
src/components/SimpleApp.tsx
  Line 204:9:  'chartPlaceholderStyle' is assigned a value but never used  @typescript-eslint/no-unused-vars

webpack compiled with 1 warning
ERROR in src/components/TradingViewChart.tsx:61:37
TS2339: Property 'addCandlestickSeries' does not exist on type 'IChartApi'.
    59 |
    60 |     // 캔들스틱 시리즈 추가
  > 61 |     const candlestickSeries = chart.addCandlestickSeries({
       |                                     ^^^^^^^^^^^^^^^^^^^^
    62 |       upColor: '#02c076',
    63 |       downColor: '#f84960',
    64 |       borderDownColor: '#f84960',

Compiling...
Compiled with warnings.

[eslint] 
src/components/SimpleApp.tsx
  Line 204:9:  'chartPlaceholderStyle' is assigned a value but never used  @typescript-eslint/no-unused-vars

Search for the keywords to learn more about each warning.
To ignore, add // eslint-disable-next-line to the line before.

WARNING in [eslint] 
src/components/SimpleApp.tsx
  Line 204:9:  'chartPlaceholderStyle' is assigned a value but never used  @typescript-eslint/no-unused-vars

webpack compiled with 1 warning
ERROR in src/components/TradingViewChart.tsx:61:37
TS2339: Property 'addCandlestickSeries' does not exist on type 'IChartApi'.
    59 |
    60 |     // 캔들스틱 시리즈 추가
  > 61 |     const candlestickSeries = chart.addCandlestickSeries({
       |                                     ^^^^^^^^^^^^^^^^^^^^
    62 |       upColor: '#02c076',
    63 |       downColor: '#f84960',
    64 |       borderDownColor: '#f84960',

Compiling...
Compiled with warnings.

[eslint] 
src/components/SimpleApp.tsx
  Line 204:9:  'chartPlaceholderStyle' is assigned a value but never used  @typescript-eslint/no-unused-vars

Search for the keywords to learn more about each warning.
To ignore, add // eslint-disable-next-line to the line before.

WARNING in [eslint] 
src/components/SimpleApp.tsx
  Line 204:9:  'chartPlaceholderStyle' is assigned a value but never used  @typescript-eslint/no-unused-vars

webpack compiled with 1 warning
ERROR in src/components/TradingViewChart.tsx:61:47
TS2345: Argument of type 'string' is not assignable to parameter of type 'SeriesDefinition<keyof SeriesOptionsMap>'.
    59 |
    60 |     // 캔들스틱 시리즈 추가
  > 61 |     const candlestickSeries = chart.addSeries('Candlestick', {
       |                                               ^^^^^^^^^^^^^
    62 |       upColor: '#02c076',
    63 |       downColor: '#f84960',
    64 |       borderDownColor: '#f84960',

ERROR in src/components/TradingViewChart.tsx:70:5
TS2322: Type 'ISeriesApi<keyof SeriesOptionsMap, Time, CandlestickData<Time> | WhitespaceData<Time> | BarData<Time> | ... 5 more ... | CustomSeriesWhitespaceData<...>, CandlestickSeriesOptions | ... 5 more ... | CustomSeriesOptions, DeepPartial<...> | ... 5 more ... | DeepPartial<...>>' is not assignable to type 'ISeriesApi<"Candlestick", Time, CandlestickData<Time> | WhitespaceData<Time>, CandlestickSeriesOptions, DeepPartial<...>>'.
  The types returned by 'options()' are incompatible between these types.
    Type 'Readonly<CandlestickSeriesOptions | BarSeriesOptions | AreaSeriesOptions | BaselineSeriesOptions | LineSeriesOptions | HistogramSeriesOptions | CustomSeriesOptions>' is not assignable to type 'Readonly<CandlestickSeriesOptions>'.
      Type 'Readonly<BarSeriesOptions>' is missing the following properties from type 'Readonly<CandlestickSeriesOptions>': wickVisible, borderVisible, borderColor, borderUpColor, and 4 more.
    68 |     });
    69 |
  > 70 |     candlestickSeriesRef.current = candlestickSeries;
       |     ^^^^^^^^^^^^^^^^^^^^^^^^^^^^
    71 |
    72 |     return () => {
    73 |       chart.remove();

Compiling...
Compiled with warnings.

[eslint] 
src/components/SimpleApp.tsx
  Line 204:9:  'chartPlaceholderStyle' is assigned a value but never used  @typescript-eslint/no-unused-vars

src/components/TradingViewChart.tsx
  Line 2:57:  'SeriesType' is defined but never used  @typescript-eslint/no-unused-vars

Search for the keywords to learn more about each warning.
To ignore, add // eslint-disable-next-line to the line before.

WARNING in [eslint] 
src/components/SimpleApp.tsx
  Line 204:9:  'chartPlaceholderStyle' is assigned a value but never used  @typescript-eslint/no-unused-vars

src/components/TradingViewChart.tsx
  Line 2:57:  'SeriesType' is defined but never used  @typescript-eslint/no-unused-vars

webpack compiled with 1 warning
ERROR in src/components/TradingViewChart.tsx:61:47
TS2345: Argument of type 'string' is not assignable to parameter of type 'SeriesDefinition<keyof SeriesOptionsMap>'.
    59 |
    60 |     // 캔들스틱 시리즈 추가
  > 61 |     const candlestickSeries = chart.addSeries('Candlestick', {
       |                                               ^^^^^^^^^^^^^
    62 |       upColor: '#02c076',
    63 |       downColor: '#f84960',
    64 |       borderDownColor: '#f84960',

ERROR in src/components/TradingViewChart.tsx:70:5
TS2322: Type 'ISeriesApi<keyof SeriesOptionsMap, Time, CandlestickData<Time> | WhitespaceData<Time> | BarData<Time> | ... 5 more ... | CustomSeriesWhitespaceData<...>, CandlestickSeriesOptions | ... 5 more ... | CustomSeriesOptions, DeepPartial<...> | ... 5 more ... | DeepPartial<...>>' is not assignable to type 'ISeriesApi<"Candlestick", Time, CandlestickData<Time> | WhitespaceData<Time>, CandlestickSeriesOptions, DeepPartial<...>>'.
  The types returned by 'options()' are incompatible between these types.
    Type 'Readonly<CandlestickSeriesOptions | BarSeriesOptions | AreaSeriesOptions | BaselineSeriesOptions | LineSeriesOptions | HistogramSeriesOptions | CustomSeriesOptions>' is not assignable to type 'Readonly<CandlestickSeriesOptions>'.
      Type 'Readonly<BarSeriesOptions>' is missing the following properties from type 'Readonly<CandlestickSeriesOptions>': wickVisible, borderVisible, borderColor, borderUpColor, and 4 more.
    68 |     });
    69 |
  > 70 |     candlestickSeriesRef.current = candlestickSeries;
       |     ^^^^^^^^^^^^^^^^^^^^^^^^^^^^
    71 |
    72 |     return () => {
    73 |       chart.remove();

Compiling...
Failed to compile.

Attempted import error: 'SeriesType' is not exported from 'lightweight-charts' (imported as 'SeriesType').
WARNING in [eslint] 
src/components/SimpleApp.tsx
  Line 204:9:  'chartPlaceholderStyle' is assigned a value but never used  @typescript-eslint/no-unused-vars

ERROR in ./src/components/TradingViewChart.tsx 54:46-68
export 'SeriesType' (imported as 'SeriesType') was not found in 'lightweight-charts' (possible exports: AreaSeries, BarSeries, BaselineSeries, CandlestickSeries, ColorType, CrosshairMode, HistogramSeries, LastPriceAnimationMode, LineSeries, LineStyle, LineType, MismatchDirection, PriceLineSource, PriceScaleMode, TickMarkType, TrackingModeExitMode, createChart, createChartEx, createImageWatermark, createOptionsChart, createSeriesMarkers, createTextWatermark, createUpDownMarkers, createYieldCurveChart, customSeriesDefaultOptions, defaultHorzScaleBehavior, isBusinessDay, isUTCTimestamp, version)

webpack compiled with 1 error and 1 warning
ERROR in src/components/TradingViewChart.tsx:61:47
TS2693: 'SeriesType' only refers to a type, but is being used as a value here.
    59 |
    60 |     // 캔들스틱 시리즈 추가
  > 61 |     const candlestickSeries = chart.addSeries(SeriesType.Candlestick, {
       |                                               ^^^^^^^^^^
    62 |       upColor: '#02c076',
    63 |       downColor: '#f84960',
    64 |       borderDownColor: '#f84960',

ERROR in src/components/TradingViewChart.tsx:70:5
TS2322: Type 'ISeriesApi<keyof SeriesOptionsMap, Time, CandlestickData<Time> | WhitespaceData<Time> | BarData<Time> | ... 5 more ... | CustomSeriesWhitespaceData<...>, CandlestickSeriesOptions | ... 5 more ... | CustomSeriesOptions, DeepPartial<...> | ... 5 more ... | DeepPartial<...>>' is not assignable to type 'ISeriesApi<"Candlestick", Time, CandlestickData<Time> | WhitespaceData<Time>, CandlestickSeriesOptions, DeepPartial<...>>'.
  The types returned by 'options()' are incompatible between these types.
    Type 'Readonly<CandlestickSeriesOptions | BarSeriesOptions | AreaSeriesOptions | BaselineSeriesOptions | LineSeriesOptions | HistogramSeriesOptions | CustomSeriesOptions>' is not assignable to type 'Readonly<CandlestickSeriesOptions>'.
      Type 'Readonly<BarSeriesOptions>' is missing the following properties from type 'Readonly<CandlestickSeriesOptions>': wickVisible, borderVisible, borderColor, borderUpColor, and 4 more.
    68 |     });
    69 |
  > 70 |     candlestickSeriesRef.current = candlestickSeries;
       |     ^^^^^^^^^^^^^^^^^^^^^^^^^^^^
    71 |
    72 |     return () => {
    73 |       chart.remove();

Compiling...
Compiled with warnings.

[eslint] 
src/components/SimpleApp.tsx
  Line 204:9:  'chartPlaceholderStyle' is assigned a value but never used  @typescript-eslint/no-unused-vars

src/components/TradingViewChart.tsx
  Line 2:57:  'CandlestickData' is defined but never used  @typescript-eslint/no-unused-vars
  Line 2:74:  'Time' is defined but never used             @typescript-eslint/no-unused-vars

Search for the keywords to learn more about each warning.
To ignore, add // eslint-disable-next-line to the line before.

WARNING in [eslint] 
src/components/SimpleApp.tsx
  Line 204:9:  'chartPlaceholderStyle' is assigned a value but never used  @typescript-eslint/no-unused-vars

src/components/TradingViewChart.tsx
  Line 2:57:  'CandlestickData' is defined but never used  @typescript-eslint/no-unused-vars
  Line 2:74:  'Time' is defined but never used             @typescript-eslint/no-unused-vars

webpack compiled with 1 warning
ERROR in src/components/TradingViewChart.tsx:61:47
TS2304: Cannot find name 'SeriesType'.
    59 |
    60 |     // 캔들스틱 시리즈 추가
  > 61 |     const candlestickSeries = chart.addSeries(SeriesType.Candlestick, {
       |                                               ^^^^^^^^^^
    62 |       upColor: '#02c076',
    63 |       downColor: '#f84960',
    64 |       borderDownColor: '#f84960',

ERROR in src/components/TradingViewChart.tsx:70:5
TS2322: Type 'ISeriesApi<keyof SeriesOptionsMap, Time, CandlestickData<Time> | WhitespaceData<Time> | BarData<Time> | ... 5 more ... | CustomSeriesWhitespaceData<...>, CandlestickSeriesOptions | ... 5 more ... | CustomSeriesOptions, DeepPartial<...> | ... 5 more ... | DeepPartial<...>>' is not assignable to type 'ISeriesApi<"Candlestick", Time, CandlestickData<Time> | WhitespaceData<Time>, CandlestickSeriesOptions, DeepPartial<...>>'.
  The types returned by 'options()' are incompatible between these types.
    Type 'Readonly<CandlestickSeriesOptions | BarSeriesOptions | AreaSeriesOptions | BaselineSeriesOptions | LineSeriesOptions | HistogramSeriesOptions | CustomSeriesOptions>' is not assignable to type 'Readonly<CandlestickSeriesOptions>'.
      Type 'Readonly<BarSeriesOptions>' is missing the following properties from type 'Readonly<CandlestickSeriesOptions>': wickVisible, borderVisible, borderColor, borderUpColor, and 4 more.
    68 |     });
    69 |
  > 70 |     candlestickSeriesRef.current = candlestickSeries;
       |     ^^^^^^^^^^^^^^^^^^^^^^^^^^^^
    71 |
    72 |     return () => {
    73 |       chart.remove();

Compiling...
Compiled with warnings.

[eslint] 
src/components/SimpleApp.tsx
  Line 204:9:  'chartPlaceholderStyle' is assigned a value but never used  @typescript-eslint/no-unused-vars

Search for the keywords to learn more about each warning.
To ignore, add // eslint-disable-next-line to the line before.

WARNING in [eslint] 
src/components/SimpleApp.tsx
  Line 204:9:  'chartPlaceholderStyle' is assigned a value but never used  @typescript-eslint/no-unused-vars

webpack compiled with 1 warning
ERROR in src/components/TradingViewChart.tsx:61:47
TS2304: Cannot find name 'SeriesType'.
    59 |
    60 |     // 캔들스틱 시리즈 추가
  > 61 |     const candlestickSeries = chart.addSeries(SeriesType.Candlestick, {
       |                                               ^^^^^^^^^^
    62 |       upColor: '#02c076',
    63 |       downColor: '#f84960',
    64 |       borderDownColor: '#f84960',

ERROR in src/components/TradingViewChart.tsx:70:5
TS2322: Type 'ISeriesApi<keyof SeriesOptionsMap, Time, CandlestickData<Time> | WhitespaceData<Time> | BarData<Time> | ... 5 more ... | CustomSeriesWhitespaceData<...>, CandlestickSeriesOptions | ... 5 more ... | CustomSeriesOptions, DeepPartial<...> | ... 5 more ... | DeepPartial<...>>' is not assignable to type 'ISeriesApi<"Candlestick", Time, CandlestickData<Time>, CandlestickSeriesOptions, DeepPartial<CandlestickStyleOptions & SeriesOptionsCommon>>'.
  The types returned by 'options()' are incompatible between these types.
    Type 'Readonly<CandlestickSeriesOptions | BarSeriesOptions | AreaSeriesOptions | BaselineSeriesOptions | LineSeriesOptions | HistogramSeriesOptions | CustomSeriesOptions>' is not assignable to type 'Readonly<CandlestickSeriesOptions>'.
      Type 'Readonly<BarSeriesOptions>' is missing the following properties from type 'Readonly<CandlestickSeriesOptions>': wickVisible, borderVisible, borderColor, borderUpColor, and 4 more.
    68 |     });
    69 |
  > 70 |     candlestickSeriesRef.current = candlestickSeries;
       |     ^^^^^^^^^^^^^^^^^^^^^^^^^^^^
    71 |
    72 |     return () => {
    73 |       chart.remove();

Compiling...
Compiled with warnings.

[eslint] 
src/components/SimpleApp.tsx
  Line 204:9:  'chartPlaceholderStyle' is assigned a value but never used  @typescript-eslint/no-unused-vars

Search for the keywords to learn more about each warning.
To ignore, add // eslint-disable-next-line to the line before.

WARNING in [eslint] 
src/components/SimpleApp.tsx
  Line 204:9:  'chartPlaceholderStyle' is assigned a value but never used  @typescript-eslint/no-unused-vars

webpack compiled with 1 warning
ERROR in src/components/TradingViewChart.tsx:61:37
TS2339: Property 'addCandlestickSeries' does not exist on type 'IChartApi'.
    59 |
    60 |     // 캔들스틱 시리즈 추가
  > 61 |     const candlestickSeries = chart.addCandlestickSeries({
       |                                     ^^^^^^^^^^^^^^^^^^^^
    62 |       upColor: '#02c076',
    63 |       downColor: '#f84960',
    64 |       borderDownColor: '#f84960',

Compiling...
Compiled with warnings.

[eslint] 
src/components/SimpleApp.tsx
  Line 204:9:  'chartPlaceholderStyle' is assigned a value but never used  @typescript-eslint/no-unused-vars

src/components/TradingViewChart.tsx
  Line 2:80:  'CandlestickSeriesOptions' is defined but never used  @typescript-eslint/no-unused-vars

Search for the keywords to learn more about each warning.
To ignore, add // eslint-disable-next-line to the line before.

WARNING in [eslint] 
src/components/SimpleApp.tsx
  Line 204:9:  'chartPlaceholderStyle' is assigned a value but never used  @typescript-eslint/no-unused-vars

src/components/TradingViewChart.tsx
  Line 2:80:  'CandlestickSeriesOptions' is defined but never used  @typescript-eslint/no-unused-vars

webpack compiled with 1 warning
ERROR in src/components/TradingViewChart.tsx:61:37
TS2339: Property 'addCandlestickSeries' does not exist on type 'IChartApi'.
    59 |
    60 |     // 캔들스틱 시리즈 추가
  > 61 |     const candlestickSeries = chart.addCandlestickSeries({
       |                                     ^^^^^^^^^^^^^^^^^^^^
    62 |       upColor: '#02c076',
    63 |       downColor: '#f84960',
    64 |       borderDownColor: '#f84960',

Compiling...
Compiled with warnings.

[eslint] 
src/components/SimpleApp.tsx
  Line 204:9:  'chartPlaceholderStyle' is assigned a value but never used  @typescript-eslint/no-unused-vars

Search for the keywords to learn more about each warning.
To ignore, add // eslint-disable-next-line to the line before.

WARNING in [eslint] 
src/components/SimpleApp.tsx
  Line 204:9:  'chartPlaceholderStyle' is assigned a value but never used  @typescript-eslint/no-unused-vars

webpack compiled with 1 warning
ERROR in src/components/TradingViewChart.tsx:61:47
TS2345: Argument of type 'string' is not assignable to parameter of type 'SeriesDefinition<keyof SeriesOptionsMap>'.
    59 |
    60 |     // 캔들스틱 시리즈 추가
  > 61 |     const candlestickSeries = chart.addSeries('Candlestick', {
       |                                               ^^^^^^^^^^^^^
    62 |       upColor: '#02c076',
    63 |       downColor: '#f84960',
    64 |       borderDownColor: '#f84960',

ERROR in src/components/TradingViewChart.tsx:70:5
TS2322: Type 'ISeriesApi<keyof SeriesOptionsMap, Time, CandlestickData<Time> | WhitespaceData<Time> | BarData<Time> | ... 5 more ... | CustomSeriesWhitespaceData<...>, CandlestickSeriesOptions | ... 5 more ... | CustomSeriesOptions, DeepPartial<...> | ... 5 more ... | DeepPartial<...>>' is not assignable to type 'ISeriesApi<"Candlestick", Time, CandlestickData<Time>, CandlestickSeriesOptions, DeepPartial<CandlestickStyleOptions & SeriesOptionsCommon>>'.
  The types returned by 'options()' are incompatible between these types.
    Type 'Readonly<CandlestickSeriesOptions | BarSeriesOptions | AreaSeriesOptions | BaselineSeriesOptions | LineSeriesOptions | HistogramSeriesOptions | CustomSeriesOptions>' is not assignable to type 'Readonly<CandlestickSeriesOptions>'.
      Type 'Readonly<BarSeriesOptions>' is missing the following properties from type 'Readonly<CandlestickSeriesOptions>': wickVisible, borderVisible, borderColor, borderUpColor, and 4 more.
    68 |     } as CandlestickSeriesOptions);
    69 |
  > 70 |     candlestickSeriesRef.current = candlestickSeries;
       |     ^^^^^^^^^^^^^^^^^^^^^^^^^^^^
    71 |
    72 |     return () => {
    73 |       chart.remove();

Compiling...
Compiled with warnings.

[eslint] 
src/components/SimpleApp.tsx
  Line 204:9:  'chartPlaceholderStyle' is assigned a value but never used  @typescript-eslint/no-unused-vars

src/components/TradingViewChart.tsx
  Line 2:57:  'CandlestickData' is defined but never used  @typescript-eslint/no-unused-vars
  Line 2:74:  'Time' is defined but never used             @typescript-eslint/no-unused-vars

Search for the keywords to learn more about each warning.
To ignore, add // eslint-disable-next-line to the line before.

WARNING in [eslint] 
src/components/SimpleApp.tsx
  Line 204:9:  'chartPlaceholderStyle' is assigned a value but never used  @typescript-eslint/no-unused-vars

src/components/TradingViewChart.tsx
  Line 2:57:  'CandlestickData' is defined but never used  @typescript-eslint/no-unused-vars
  Line 2:74:  'Time' is defined but never used             @typescript-eslint/no-unused-vars

webpack compiled with 1 warning
ERROR in src/components/TradingViewChart.tsx:61:47
TS2345: Argument of type 'string' is not assignable to parameter of type 'SeriesDefinition<keyof SeriesOptionsMap>'.
    59 |
    60 |     // 캔들스틱 시리즈 추가
  > 61 |     const candlestickSeries = chart.addSeries('Candlestick', {
       |                                               ^^^^^^^^^^^^^
    62 |       upColor: '#02c076',
    63 |       downColor: '#f84960',
    64 |       borderDownColor: '#f84960',

ERROR in src/components/TradingViewChart.tsx:68:10
TS2304: Cannot find name 'CandlestickSeriesOptions'.
    66 |       wickDownColor: '#f84960',
    67 |       wickUpColor: '#02c076',
  > 68 |     } as CandlestickSeriesOptions);
       |          ^^^^^^^^^^^^^^^^^^^^^^^^
    69 |
    70 |     candlestickSeriesRef.current = candlestickSeries;
    71 |

ERROR in src/components/TradingViewChart.tsx:70:5
TS2322: Type 'ISeriesApi<keyof SeriesOptionsMap, Time, CandlestickData<Time> | WhitespaceData<Time> | BarData<Time> | ... 5 more ... | CustomSeriesWhitespaceData<...>, CandlestickSeriesOptions | ... 5 more ... | CustomSeriesOptions, DeepPartial<...> | ... 5 more ... | DeepPartial<...>>' is not assignable to type 'ISeriesApi<"Candlestick", Time, CandlestickData<Time> | WhitespaceData<Time>, CandlestickSeriesOptions, DeepPartial<...>>'.
  The types returned by 'options()' are incompatible between these types.
    Type 'Readonly<CandlestickSeriesOptions | BarSeriesOptions | AreaSeriesOptions | BaselineSeriesOptions | LineSeriesOptions | HistogramSeriesOptions | CustomSeriesOptions>' is not assignable to type 'Readonly<CandlestickSeriesOptions>'.
      Type 'Readonly<BarSeriesOptions>' is missing the following properties from type 'Readonly<CandlestickSeriesOptions>': wickVisible, borderVisible, borderColor, borderUpColor, and 4 more.
    68 |     } as CandlestickSeriesOptions);
    69 |
  > 70 |     candlestickSeriesRef.current = candlestickSeries;
       |     ^^^^^^^^^^^^^^^^^^^^^^^^^^^^
    71 |
    72 |     return () => {
    73 |       chart.remove();

Compiling...
Compiled with warnings.

[eslint] 
src/components/SimpleApp.tsx
  Line 204:9:  'chartPlaceholderStyle' is assigned a value but never used  @typescript-eslint/no-unused-vars

src/components/TradingViewChart.tsx
  Line 2:45:  'ICandlestickSeries' is defined but never used  @typescript-eslint/no-unused-vars
  Line 2:65:  'CandlestickData' is defined but never used     @typescript-eslint/no-unused-vars
  Line 2:82:  'Time' is defined but never used                @typescript-eslint/no-unused-vars

Search for the keywords to learn more about each warning.
To ignore, add // eslint-disable-next-line to the line before.

WARNING in [eslint] 
src/components/SimpleApp.tsx
  Line 204:9:  'chartPlaceholderStyle' is assigned a value but never used  @typescript-eslint/no-unused-vars

src/components/TradingViewChart.tsx
  Line 2:45:  'ICandlestickSeries' is defined but never used  @typescript-eslint/no-unused-vars
  Line 2:65:  'CandlestickData' is defined but never used     @typescript-eslint/no-unused-vars
  Line 2:82:  'Time' is defined but never used                @typescript-eslint/no-unused-vars

webpack compiled with 1 warning
ERROR in src/components/TradingViewChart.tsx:2:45
TS2724: '"lightweight-charts"' has no exported member named 'ICandlestickSeries'. Did you mean 'CandlestickSeries'?
    1 | import React, { useEffect, useRef } from 'react';
  > 2 | import { createChart, ColorType, IChartApi, ICandlestickSeries, CandlestickData, Time } from 'lightweight-charts';
      |                                             ^^^^^^^^^^^^^^^^^^
    3 |
    4 | interface CandleData {
    5 |   open: number;

ERROR in src/components/TradingViewChart.tsx:28:39
TS2304: Cannot find name 'ISeriesApi'.
    26 |   const chartContainerRef = useRef<HTMLDivElement>(null);
    27 |   const chartRef = useRef<IChartApi | null>(null);
  > 28 |   const candlestickSeriesRef = useRef<ISeriesApi<'Candlestick'> | null>(null);
       |                                       ^^^^^^^^^^
    29 |
    30 |   useEffect(() => {
    31 |     if (!chartContainerRef.current) return;

ERROR in src/components/TradingViewChart.tsx:61:47
TS2345: Argument of type 'string' is not assignable to parameter of type 'SeriesDefinition<keyof SeriesOptionsMap>'.
    59 |
    60 |     // 캔들스틱 시리즈 추가
  > 61 |     const candlestickSeries = chart.addSeries('Candlestick', {
       |                                               ^^^^^^^^^^^^^
    62 |       upColor: '#02c076',
    63 |       downColor: '#f84960',
    64 |       borderDownColor: '#f84960',

ERROR in src/components/TradingViewChart.tsx:68:10
TS2304: Cannot find name 'CandlestickSeriesOptions'.
    66 |       wickDownColor: '#f84960',
    67 |       wickUpColor: '#02c076',
  > 68 |     } as CandlestickSeriesOptions);
       |          ^^^^^^^^^^^^^^^^^^^^^^^^
    69 |
    70 |     candlestickSeriesRef.current = candlestickSeries;
    71 |

Compiling...
Compiled with warnings.

[eslint] 
src/components/SimpleApp.tsx
  Line 204:9:  'chartPlaceholderStyle' is assigned a value but never used  @typescript-eslint/no-unused-vars

src/components/TradingViewChart.tsx
  Line 2:65:  'CandlestickData' is defined but never used  @typescript-eslint/no-unused-vars
  Line 2:82:  'Time' is defined but never used             @typescript-eslint/no-unused-vars

Search for the keywords to learn more about each warning.
To ignore, add // eslint-disable-next-line to the line before.

WARNING in [eslint] 
src/components/SimpleApp.tsx
  Line 204:9:  'chartPlaceholderStyle' is assigned a value but never used  @typescript-eslint/no-unused-vars

src/components/TradingViewChart.tsx
  Line 2:65:  'CandlestickData' is defined but never used  @typescript-eslint/no-unused-vars
  Line 2:82:  'Time' is defined but never used             @typescript-eslint/no-unused-vars

webpack compiled with 1 warning
ERROR in src/components/TradingViewChart.tsx:2:45
TS2724: '"lightweight-charts"' has no exported member named 'ICandlestickSeries'. Did you mean 'CandlestickSeries'?
    1 | import React, { useEffect, useRef } from 'react';
  > 2 | import { createChart, ColorType, IChartApi, ICandlestickSeries, CandlestickData, Time } from 'lightweight-charts';
      |                                             ^^^^^^^^^^^^^^^^^^
    3 |
    4 | interface CandleData {
    5 |   open: number;

ERROR in src/components/TradingViewChart.tsx:61:47
TS2345: Argument of type 'string' is not assignable to parameter of type 'SeriesDefinition<keyof SeriesOptionsMap>'.
    59 |
    60 |     // 캔들스틱 시리즈 추가
  > 61 |     const candlestickSeries = chart.addSeries('Candlestick', {
       |                                               ^^^^^^^^^^^^^
    62 |       upColor: '#02c076',
    63 |       downColor: '#f84960',
    64 |       borderDownColor: '#f84960',

ERROR in src/components/TradingViewChart.tsx:68:10
TS2304: Cannot find name 'CandlestickSeriesOptions'.
    66 |       wickDownColor: '#f84960',
    67 |       wickUpColor: '#02c076',
  > 68 |     } as CandlestickSeriesOptions);
       |          ^^^^^^^^^^^^^^^^^^^^^^^^
    69 |
    70 |     candlestickSeriesRef.current = candlestickSeries;
    71 |

Compiling...
Compiled with warnings.

[eslint] 
src/components/SimpleApp.tsx
  Line 204:9:  'chartPlaceholderStyle' is assigned a value but never used  @typescript-eslint/no-unused-vars

src/components/TradingViewChart.tsx
  Line 2:65:  'CandlestickData' is defined but never used  @typescript-eslint/no-unused-vars
  Line 2:82:  'Time' is defined but never used             @typescript-eslint/no-unused-vars

Search for the keywords to learn more about each warning.
To ignore, add // eslint-disable-next-line to the line before.

WARNING in [eslint] 
src/components/SimpleApp.tsx
  Line 204:9:  'chartPlaceholderStyle' is assigned a value but never used  @typescript-eslint/no-unused-vars

src/components/TradingViewChart.tsx
  Line 2:65:  'CandlestickData' is defined but never used  @typescript-eslint/no-unused-vars
  Line 2:82:  'Time' is defined but never used             @typescript-eslint/no-unused-vars

webpack compiled with 1 warning
ERROR in src/components/TradingViewChart.tsx:2:45
TS2724: '"lightweight-charts"' has no exported member named 'ICandlestickSeries'. Did you mean 'CandlestickSeries'?
    1 | import React, { useEffect, useRef } from 'react';
  > 2 | import { createChart, ColorType, IChartApi, ICandlestickSeries, CandlestickData, Time } from 'lightweight-charts';
      |                                             ^^^^^^^^^^^^^^^^^^
    3 |
    4 | interface CandleData {
    5 |   open: number;

ERROR in src/components/TradingViewChart.tsx:61:37
TS2339: Property 'addCandlestickSeries' does not exist on type 'IChartApi'.
    59 |
    60 |     // 캔들스틱 시리즈 추가
  > 61 |     const candlestickSeries = chart.addCandlestickSeries({
       |                                     ^^^^^^^^^^^^^^^^^^^^
    62 |       upColor: '#02c076',
    63 |       downColor: '#f84960',
    64 |       borderDownColor: '#f84960',

Compiling...
Compiled with warnings.

[eslint] 
src/components/SimpleApp.tsx
  Line 204:9:  'chartPlaceholderStyle' is assigned a value but never used  @typescript-eslint/no-unused-vars

src/components/TradingViewChart.tsx
  Line 2:45:  'ISeriesApi' is defined but never used       @typescript-eslint/no-unused-vars
  Line 2:57:  'CandlestickData' is defined but never used  @typescript-eslint/no-unused-vars
  Line 2:74:  'Time' is defined but never used             @typescript-eslint/no-unused-vars

Search for the keywords to learn more about each warning.
To ignore, add // eslint-disable-next-line to the line before.

WARNING in [eslint] 
src/components/SimpleApp.tsx
  Line 204:9:  'chartPlaceholderStyle' is assigned a value but never used  @typescript-eslint/no-unused-vars

src/components/TradingViewChart.tsx
  Line 2:45:  'ISeriesApi' is defined but never used       @typescript-eslint/no-unused-vars
  Line 2:57:  'CandlestickData' is defined but never used  @typescript-eslint/no-unused-vars
  Line 2:74:  'Time' is defined but never used             @typescript-eslint/no-unused-vars

webpack compiled with 1 warning
ERROR in src/components/TradingViewChart.tsx:28:39
TS2304: Cannot find name 'ICandlestickSeries'.
    26 |   const chartContainerRef = useRef<HTMLDivElement>(null);
    27 |   const chartRef = useRef<IChartApi | null>(null);
  > 28 |   const candlestickSeriesRef = useRef<ICandlestickSeries | null>(null);
       |                                       ^^^^^^^^^^^^^^^^^^
    29 |
    30 |   useEffect(() => {
    31 |     if (!chartContainerRef.current) return;

ERROR in src/components/TradingViewChart.tsx:61:37
TS2339: Property 'addCandlestickSeries' does not exist on type 'IChartApi'.
    59 |
    60 |     // 캔들스틱 시리즈 추가
  > 61 |     const candlestickSeries = chart.addCandlestickSeries({
       |                                     ^^^^^^^^^^^^^^^^^^^^
    62 |       upColor: '#02c076',
    63 |       downColor: '#f84960',
    64 |       borderDownColor: '#f84960',

Compiling...
Compiled with warnings.

[eslint] 
src/components/SimpleApp.tsx
  Line 204:9:  'chartPlaceholderStyle' is assigned a value but never used  @typescript-eslint/no-unused-vars

src/components/TradingViewChart.tsx
  Line 2:57:  'CandlestickData' is defined but never used  @typescript-eslint/no-unused-vars
  Line 2:74:  'Time' is defined but never used             @typescript-eslint/no-unused-vars

Search for the keywords to learn more about each warning.
To ignore, add // eslint-disable-next-line to the line before.

WARNING in [eslint] 
src/components/SimpleApp.tsx
  Line 204:9:  'chartPlaceholderStyle' is assigned a value but never used  @typescript-eslint/no-unused-vars

src/components/TradingViewChart.tsx
  Line 2:57:  'CandlestickData' is defined but never used  @typescript-eslint/no-unused-vars
  Line 2:74:  'Time' is defined but never used             @typescript-eslint/no-unused-vars

webpack compiled with 1 warning
ERROR in src/components/TradingViewChart.tsx:61:37
TS2339: Property 'addCandlestickSeries' does not exist on type 'IChartApi'.
    59 |
    60 |     // 캔들스틱 시리즈 추가
  > 61 |     const candlestickSeries = chart.addCandlestickSeries({
       |                                     ^^^^^^^^^^^^^^^^^^^^
    62 |       upColor: '#02c076',
    63 |       downColor: '#f84960',
    64 |       borderDownColor: '#f84960',

Compiling...
Compiled with warnings.

[eslint] 
src/components/SimpleApp.tsx
  Line 204:9:  'chartPlaceholderStyle' is assigned a value but never used  @typescript-eslint/no-unused-vars

src/components/TradingViewChart.tsx
  Line 2:57:  'CandlestickData' is defined but never used  @typescript-eslint/no-unused-vars
  Line 2:74:  'Time' is defined but never used             @typescript-eslint/no-unused-vars

Search for the keywords to learn more about each warning.
To ignore, add // eslint-disable-next-line to the line before.

WARNING in [eslint] 
src/components/SimpleApp.tsx
  Line 204:9:  'chartPlaceholderStyle' is assigned a value but never used  @typescript-eslint/no-unused-vars

src/components/TradingViewChart.tsx
  Line 2:57:  'CandlestickData' is defined but never used  @typescript-eslint/no-unused-vars
  Line 2:74:  'Time' is defined but never used             @typescript-eslint/no-unused-vars

webpack compiled with 1 warning
ERROR in src/components/TradingViewChart.tsx:63:7
TS2345: Argument of type '{ type: "Candlestick"; upColor: string; downColor: string; borderDownColor: string; borderUpColor: string; wickDownColor: string; wickUpColor: string; }' is not assignable to parameter of type 'SeriesDefinition<keyof SeriesOptionsMap>'.
  Object literal may only specify known properties, and 'upColor' does not exist in type 'SeriesDefinition<keyof SeriesOptionsMap>'.
    61 |     const candlestickSeries = chart.addSeries({
    62 |       type: 'Candlestick',
  > 63 |       upColor: '#02c076',
       |       ^^^^^^^^^^^^^^^^^^
    64 |       downColor: '#f84960',
    65 |       borderDownColor: '#f84960',
    66 |       borderUpColor: '#02c076',

ERROR in src/components/TradingViewChart.tsx:71:5
TS2322: Type 'ISeriesApi<keyof SeriesOptionsMap, Time, CandlestickData<Time> | WhitespaceData<Time> | BarData<Time> | ... 5 more ... | CustomSeriesWhitespaceData<...>, CandlestickSeriesOptions | ... 5 more ... | CustomSeriesOptions, DeepPartial<...> | ... 5 more ... | DeepPartial<...>>' is not assignable to type 'ISeriesApi<"Candlestick", Time, CandlestickData<Time> | WhitespaceData<Time>, CandlestickSeriesOptions, DeepPartial<...>>'.
  The types returned by 'options()' are incompatible between these types.
    Type 'Readonly<CandlestickSeriesOptions | BarSeriesOptions | AreaSeriesOptions | BaselineSeriesOptions | LineSeriesOptions | HistogramSeriesOptions | CustomSeriesOptions>' is not assignable to type 'Readonly<CandlestickSeriesOptions>'.
      Type 'Readonly<BarSeriesOptions>' is missing the following properties from type 'Readonly<CandlestickSeriesOptions>': wickVisible, borderVisible, borderColor, borderUpColor, and 4 more.
    69 |     });
    70 |
  > 71 |     candlestickSeriesRef.current = candlestickSeries;
       |     ^^^^^^^^^^^^^^^^^^^^^^^^^^^^
    72 |
    73 |     return () => {
    74 |       chart.remove();

Compiling...
Compiled with warnings.

[eslint] 
src/components/SimpleApp.tsx
  Line 204:9:  'chartPlaceholderStyle' is assigned a value but never used  @typescript-eslint/no-unused-vars

src/components/TradingViewChart.tsx
  Line 2:57:  'CandlestickData' is defined but never used           @typescript-eslint/no-unused-vars
  Line 2:74:  'Time' is defined but never used                      @typescript-eslint/no-unused-vars
  Line 2:80:  'CandlestickSeriesOptions' is defined but never used  @typescript-eslint/no-unused-vars

Search for the keywords to learn more about each warning.
To ignore, add // eslint-disable-next-line to the line before.

WARNING in [eslint] 
src/components/SimpleApp.tsx
  Line 204:9:  'chartPlaceholderStyle' is assigned a value but never used  @typescript-eslint/no-unused-vars

src/components/TradingViewChart.tsx
  Line 2:57:  'CandlestickData' is defined but never used           @typescript-eslint/no-unused-vars
  Line 2:74:  'Time' is defined but never used                      @typescript-eslint/no-unused-vars
  Line 2:80:  'CandlestickSeriesOptions' is defined but never used  @typescript-eslint/no-unused-vars

webpack compiled with 1 warning
ERROR in src/components/TradingViewChart.tsx:63:7
TS2345: Argument of type '{ type: "Candlestick"; upColor: string; downColor: string; borderDownColor: string; borderUpColor: string; wickDownColor: string; wickUpColor: string; }' is not assignable to parameter of type 'SeriesDefinition<keyof SeriesOptionsMap>'.
  Object literal may only specify known properties, and 'upColor' does not exist in type 'SeriesDefinition<keyof SeriesOptionsMap>'.
    61 |     const candlestickSeries = chart.addSeries({
    62 |       type: 'Candlestick',
  > 63 |       upColor: '#02c076',
       |       ^^^^^^^^^^^^^^^^^^
    64 |       downColor: '#f84960',
    65 |       borderDownColor: '#f84960',
    66 |       borderUpColor: '#02c076',

ERROR in src/components/TradingViewChart.tsx:71:5
TS2322: Type 'ISeriesApi<keyof SeriesOptionsMap, Time, CandlestickData<Time> | WhitespaceData<Time> | BarData<Time> | ... 5 more ... | CustomSeriesWhitespaceData<...>, CandlestickSeriesOptions | ... 5 more ... | CustomSeriesOptions, DeepPartial<...> | ... 5 more ... | DeepPartial<...>>' is not assignable to type 'ISeriesApi<"Candlestick", Time, CandlestickData<Time> | WhitespaceData<Time>, CandlestickSeriesOptions, DeepPartial<...>>'.
  The types returned by 'options()' are incompatible between these types.
    Type 'Readonly<CandlestickSeriesOptions | BarSeriesOptions | AreaSeriesOptions | BaselineSeriesOptions | LineSeriesOptions | HistogramSeriesOptions | CustomSeriesOptions>' is not assignable to type 'Readonly<CandlestickSeriesOptions>'.
      Type 'Readonly<BarSeriesOptions>' is missing the following properties from type 'Readonly<CandlestickSeriesOptions>': wickVisible, borderVisible, borderColor, borderUpColor, and 4 more.
    69 |     });
    70 |
  > 71 |     candlestickSeriesRef.current = candlestickSeries;
       |     ^^^^^^^^^^^^^^^^^^^^^^^^^^^^
    72 |
    73 |     return () => {
    74 |       chart.remove();

Compiling...
Compiled with warnings.

[eslint] 
src/components/SimpleApp.tsx
  Line 204:9:  'chartPlaceholderStyle' is assigned a value but never used  @typescript-eslint/no-unused-vars

src/components/TradingViewChart.tsx
  Line 2:57:  'CandlestickData' is defined but never used           @typescript-eslint/no-unused-vars
  Line 2:74:  'Time' is defined but never used                      @typescript-eslint/no-unused-vars
  Line 2:80:  'CandlestickSeriesOptions' is defined but never used  @typescript-eslint/no-unused-vars

Search for the keywords to learn more about each warning.
To ignore, add // eslint-disable-next-line to the line before.

WARNING in [eslint] 
src/components/SimpleApp.tsx
  Line 204:9:  'chartPlaceholderStyle' is assigned a value but never used  @typescript-eslint/no-unused-vars

src/components/TradingViewChart.tsx
  Line 2:57:  'CandlestickData' is defined but never used           @typescript-eslint/no-unused-vars
  Line 2:74:  'Time' is defined but never used                      @typescript-eslint/no-unused-vars
  Line 2:80:  'CandlestickSeriesOptions' is defined but never used  @typescript-eslint/no-unused-vars

webpack compiled with 1 warning
ERROR in src/components/TradingViewChart.tsx:63:7
TS2345: Argument of type '{ type: "Candlestick"; upColor: string; downColor: string; borderDownColor: string; borderUpColor: string; wickDownColor: string; wickUpColor: string; }' is not assignable to parameter of type 'SeriesDefinition<keyof SeriesOptionsMap>'.
  Object literal may only specify known properties, and 'upColor' does not exist in type 'SeriesDefinition<keyof SeriesOptionsMap>'.
    61 |     const candlestickSeries = chart.addSeries({
    62 |       type: 'Candlestick',
  > 63 |       upColor: '#02c076',
       |       ^^^^^^^^^^^^^^^^^^
    64 |       downColor: '#f84960',
    65 |       borderDownColor: '#f84960',
    66 |       borderUpColor: '#02c076',

Compiling...
Compiled with warnings.

[eslint] 
src/components/SimpleApp.tsx
  Line 204:9:  'chartPlaceholderStyle' is assigned a value but never used  @typescript-eslint/no-unused-vars

src/components/TradingViewChart.tsx
  Line 2:57:  'CandlestickData' is defined but never used           @typescript-eslint/no-unused-vars
  Line 2:74:  'Time' is defined but never used                      @typescript-eslint/no-unused-vars
  Line 2:80:  'CandlestickSeriesOptions' is defined but never used  @typescript-eslint/no-unused-vars

Search for the keywords to learn more about each warning.
To ignore, add // eslint-disable-next-line to the line before.

WARNING in [eslint] 
src/components/SimpleApp.tsx
  Line 204:9:  'chartPlaceholderStyle' is assigned a value but never used  @typescript-eslint/no-unused-vars

src/components/TradingViewChart.tsx
  Line 2:57:  'CandlestickData' is defined but never used           @typescript-eslint/no-unused-vars
  Line 2:74:  'Time' is defined but never used                      @typescript-eslint/no-unused-vars
  Line 2:80:  'CandlestickSeriesOptions' is defined but never used  @typescript-eslint/no-unused-vars

webpack compiled with 1 warning
ERROR in src/components/TradingViewChart.tsx:61:47
TS2345: Argument of type '{ type: "Candlestick"; }' is not assignable to parameter of type 'SeriesDefinition<"Candlestick">'.
  Type '{ type: "Candlestick"; }' is missing the following properties from type 'SeriesDefinition<"Candlestick">': isBuiltIn, defaultOptions
    59 |
    60 |     // 캔들스틱 시리즈 추가
  > 61 |     const candlestickSeries = chart.addSeries({
       |                                               ^
  > 62 |       type: 'Candlestick'
       | ^^^^^^^^^^^^^^^^^^^^^^^^^
  > 63 |     });
       | ^^^^^^
    64 |
    65 |     // 시리즈 옵션 설정
    66 |     candlestickSeries.applyOptions({

Compiling...
Compiled with warnings.

[eslint] 
src/components/SimpleApp.tsx
  Line 204:9:  'chartPlaceholderStyle' is assigned a value but never used  @typescript-eslint/no-unused-vars

src/components/TradingViewChart.tsx
  Line 2:57:  'CandlestickData' is defined but never used           @typescript-eslint/no-unused-vars
  Line 2:74:  'Time' is defined but never used                      @typescript-eslint/no-unused-vars
  Line 2:80:  'CandlestickSeriesOptions' is defined but never used  @typescript-eslint/no-unused-vars

Search for the keywords to learn more about each warning.
To ignore, add // eslint-disable-next-line to the line before.

WARNING in [eslint] 
src/components/SimpleApp.tsx
  Line 204:9:  'chartPlaceholderStyle' is assigned a value but never used  @typescript-eslint/no-unused-vars

src/components/TradingViewChart.tsx
  Line 2:57:  'CandlestickData' is defined but never used           @typescript-eslint/no-unused-vars
  Line 2:74:  'Time' is defined but never used                      @typescript-eslint/no-unused-vars
  Line 2:80:  'CandlestickSeriesOptions' is defined but never used  @typescript-eslint/no-unused-vars

webpack compiled with 1 warning
ERROR in src/components/TradingViewChart.tsx:61:37
TS2339: Property 'addCandlestickSeries' does not exist on type 'IChartApi'.
    59 |
    60 |     // 캔들스틱 시리즈 추가 (v5.x 방식)
  > 61 |     const candlestickSeries = chart.addCandlestickSeries({
       |                                     ^^^^^^^^^^^^^^^^^^^^
    62 |       upColor: '#02c076',
    63 |       downColor: '#f84960',
    64 |       borderDownColor: '#f84960',

Compiling...
Compiled with warnings.

[eslint] 
src/components/SimpleApp.tsx
  Line 204:9:  'chartPlaceholderStyle' is assigned a value but never used  @typescript-eslint/no-unused-vars

src/components/TradingViewChart.tsx
  Line 2:57:  'CandlestickData' is defined but never used           @typescript-eslint/no-unused-vars
  Line 2:74:  'Time' is defined but never used                      @typescript-eslint/no-unused-vars
  Line 2:80:  'CandlestickSeriesOptions' is defined but never used  @typescript-eslint/no-unused-vars

Search for the keywords to learn more about each warning.
To ignore, add // eslint-disable-next-line to the line before.

WARNING in [eslint] 
src/components/SimpleApp.tsx
  Line 204:9:  'chartPlaceholderStyle' is assigned a value but never used  @typescript-eslint/no-unused-vars

src/components/TradingViewChart.tsx
  Line 2:57:  'CandlestickData' is defined but never used           @typescript-eslint/no-unused-vars
  Line 2:74:  'Time' is defined but never used                      @typescript-eslint/no-unused-vars
  Line 2:80:  'CandlestickSeriesOptions' is defined but never used  @typescript-eslint/no-unused-vars

webpack compiled with 1 warning
ERROR in src/components/TradingViewChart.tsx:61:37
TS2339: Property 'addCandlestickSeries' does not exist on type 'IChartApi'.
    59 |
    60 |     // 캔들스틱 시리즈 추가 (v5.x 방식)
  > 61 |     const candlestickSeries = chart.addCandlestickSeries({
       |                                     ^^^^^^^^^^^^^^^^^^^^
    62 |       upColor: '#02c076',
    63 |       downColor: '#f84960',
    64 |       borderDownColor: '#f84960',

Compiling...
Compiled with warnings.

[eslint] 
src/components/SimpleApp.tsx
  Line 204:9:  'chartPlaceholderStyle' is assigned a value but never used  @typescript-eslint/no-unused-vars

src/components/TradingViewChart.tsx
  Line 2:57:  'CandlestickData' is defined but never used  @typescript-eslint/no-unused-vars
  Line 2:74:  'Time' is defined but never used             @typescript-eslint/no-unused-vars

Search for the keywords to learn more about each warning.
To ignore, add // eslint-disable-next-line to the line before.

WARNING in [eslint] 
src/components/SimpleApp.tsx
  Line 204:9:  'chartPlaceholderStyle' is assigned a value but never used  @typescript-eslint/no-unused-vars

src/components/TradingViewChart.tsx
  Line 2:57:  'CandlestickData' is defined but never used  @typescript-eslint/no-unused-vars
  Line 2:74:  'Time' is defined but never used             @typescript-eslint/no-unused-vars

webpack compiled with 1 warning
ERROR in src/components/TradingViewChart.tsx:61:37
TS2339: Property 'addCandlestickSeries' does not exist on type 'IChartApi'.
    59 |
    60 |     // 캔들스틱 시리즈 추가 (v5.x 방식)
  > 61 |     const candlestickSeries = chart.addCandlestickSeries({
       |                                     ^^^^^^^^^^^^^^^^^^^^
    62 |       upColor: '#02c076',
    63 |       downColor: '#f84960',
    64 |       borderDownColor: '#f84960',

Compiling...
Compiled with warnings.

[eslint] 
src/components/SimpleApp.tsx
  Line 204:9:  'chartPlaceholderStyle' is assigned a value but never used  @typescript-eslint/no-unused-vars

src/components/TradingViewChart.tsx
  Line 2:57:  'CandlestickData' is defined but never used  @typescript-eslint/no-unused-vars
  Line 2:74:  'Time' is defined but never used             @typescript-eslint/no-unused-vars

Search for the keywords to learn more about each warning.
To ignore, add // eslint-disable-next-line to the line before.

WARNING in [eslint] 
src/components/SimpleApp.tsx
  Line 204:9:  'chartPlaceholderStyle' is assigned a value but never used  @typescript-eslint/no-unused-vars

src/components/TradingViewChart.tsx
  Line 2:57:  'CandlestickData' is defined but never used  @typescript-eslint/no-unused-vars
  Line 2:74:  'Time' is defined but never used             @typescript-eslint/no-unused-vars

webpack compiled with 1 warning
ERROR in src/components/TradingViewChart.tsx:61:37
TS2339: Property 'addCandlestickSeries' does not exist on type 'IChartApi'.
    59 |
    60 |     // 캔들스틱 시리즈 추가 (v5.x 방식)
  > 61 |     const candlestickSeries = chart.addCandlestickSeries({
       |                                     ^^^^^^^^^^^^^^^^^^^^
    62 |       upColor: '#02c076',
    63 |       downColor: '#f84960',
    64 |       borderDownColor: '#f84960',

Compiling...
Compiled with warnings.

[eslint] 
src/components/SimpleApp.tsx
  Line 204:9:  'chartPlaceholderStyle' is assigned a value but never used  @typescript-eslint/no-unused-vars

src/components/TradingViewChart.tsx
  Line 2:57:  'CandlestickData' is defined but never used  @typescript-eslint/no-unused-vars
  Line 2:74:  'Time' is defined but never used             @typescript-eslint/no-unused-vars

Search for the keywords to learn more about each warning.
To ignore, add // eslint-disable-next-line to the line before.

WARNING in [eslint] 
src/components/SimpleApp.tsx
  Line 204:9:  'chartPlaceholderStyle' is assigned a value but never used  @typescript-eslint/no-unused-vars

src/components/TradingViewChart.tsx
  Line 2:57:  'CandlestickData' is defined but never used  @typescript-eslint/no-unused-vars
  Line 2:74:  'Time' is defined but never used             @typescript-eslint/no-unused-vars

webpack compiled with 1 warning
ERROR in src/components/TradingViewChart.tsx:61:37
TS2339: Property 'addCandlestickSeries' does not exist on type 'IChartApi'.
    59 |
    60 |     // 캔들스틱 시리즈 추가 (v4.x 방식)
  > 61 |     const candlestickSeries = chart.addCandlestickSeries({
       |                                     ^^^^^^^^^^^^^^^^^^^^
    62 |       upColor: '#02c076',
    63 |       downColor: '#f84960',
    64 |       borderDownColor: '#f84960',

Compiling...
Compiled with warnings.

[eslint] 
src/components/SimpleApp.tsx
  Line 204:9:  'chartPlaceholderStyle' is assigned a value but never used  @typescript-eslint/no-unused-vars

src/components/TradingViewChart.tsx
  Line 2:57:  'CandlestickData' is defined but never used  @typescript-eslint/no-unused-vars
  Line 2:74:  'Time' is defined but never used             @typescript-eslint/no-unused-vars

Search for the keywords to learn more about each warning.
To ignore, add // eslint-disable-next-line to the line before.

WARNING in [eslint] 
src/components/SimpleApp.tsx
  Line 204:9:  'chartPlaceholderStyle' is assigned a value but never used  @typescript-eslint/no-unused-vars

src/components/TradingViewChart.tsx
  Line 2:57:  'CandlestickData' is defined but never used  @typescript-eslint/no-unused-vars
  Line 2:74:  'Time' is defined but never used             @typescript-eslint/no-unused-vars

webpack compiled with 1 warning
No issues found.
Compiling...
Compiled with warnings.

[eslint] 
src/components/SimpleApp.tsx
  Line 204:9:  'chartPlaceholderStyle' is assigned a value but never used  @typescript-eslint/no-unused-vars

src/components/TradingViewChart.tsx
  Line 2:45:  'ISeriesApi' is defined but never used       @typescript-eslint/no-unused-vars
  Line 2:57:  'CandlestickData' is defined but never used  @typescript-eslint/no-unused-vars
  Line 2:74:  'Time' is defined but never used             @typescript-eslint/no-unused-vars

Search for the keywords to learn more about each warning.
To ignore, add // eslint-disable-next-line to the line before.

WARNING in [eslint] 
src/components/SimpleApp.tsx
  Line 204:9:  'chartPlaceholderStyle' is assigned a value but never used  @typescript-eslint/no-unused-vars

src/components/TradingViewChart.tsx
  Line 2:45:  'ISeriesApi' is defined but never used       @typescript-eslint/no-unused-vars
  Line 2:57:  'CandlestickData' is defined but never used  @typescript-eslint/no-unused-vars
  Line 2:74:  'Time' is defined but never used             @typescript-eslint/no-unused-vars

webpack compiled with 1 warning
No issues found.
